\BOOKMARK [0][-]{chapter.1}{Introduction}{}% 1
\BOOKMARK [1][-]{section.1.1}{Purpose}{chapter.1}% 2
\BOOKMARK [1][-]{section.1.2}{Overview of Features}{chapter.1}% 3
\BOOKMARK [0][-]{chapter.2}{Manual}{}% 4
\BOOKMARK [1][-]{section.2.1}{Running the Program}{chapter.2}% 5
\BOOKMARK [2][-]{subsection.2.1.1}{Dependencies}{section.2.1}% 6
\BOOKMARK [2][-]{subsection.2.1.2}{Compilation and Execution}{section.2.1}% 7
\BOOKMARK [1][-]{section.2.2}{Controls}{chapter.2}% 8
\BOOKMARK [2][-]{subsection.2.2.1}{Mouse}{section.2.2}% 9
\BOOKMARK [2][-]{subsection.2.2.2}{Keyboard}{section.2.2}% 10
\BOOKMARK [2][-]{subsection.2.2.3}{Special Keys}{section.2.2}% 11
\BOOKMARK [2][-]{subsection.2.2.4}{Toggle Settings Keys}{section.2.2}% 12
\BOOKMARK [0][-]{chapter.3}{Technical Components}{}% 13
\BOOKMARK [1][-]{section.3.1}{The Scene}{chapter.3}% 14
\BOOKMARK [1][-]{section.3.2}{User Interface}{chapter.3}% 15
\BOOKMARK [1][-]{section.3.3}{UV Texture Mapping}{chapter.3}% 16
\BOOKMARK [1][-]{section.3.4}{Perlin Noise}{chapter.3}% 17
\BOOKMARK [1][-]{section.3.5}{Static Collision}{chapter.3}% 18
\BOOKMARK [1][-]{section.3.6}{Dynamic Collision}{chapter.3}% 19
\BOOKMARK [1][-]{section.3.7}{Transparency}{chapter.3}% 20
\BOOKMARK [1][-]{section.3.8}{Keyframe Animation}{chapter.3}% 21
\BOOKMARK [1][-]{section.3.9}{Particle System}{chapter.3}% 22
\BOOKMARK [1][-]{section.3.10}{World Sound}{chapter.3}% 23
\BOOKMARK [1][-]{section.3.11}{Bonus Objectives}{chapter.3}% 24
\BOOKMARK [2][-]{subsection.3.11.1}{World Lighting}{section.3.11}% 25
\BOOKMARK [2][-]{subsection.3.11.2}{Light Emitting Cube}{section.3.11}% 26
\BOOKMARK [2][-]{subsection.3.11.3}{Shadows and Ambient Occlusion}{section.3.11}% 27
\BOOKMARK [1][-]{section.3.12}{Implementation}{chapter.3}% 28
\BOOKMARK [2][-]{subsection.3.12.1}{Code and Considerations}{section.3.12}% 29
\BOOKMARK [0][-]{chapter.4}{Conclusion}{}% 30
\BOOKMARK [1][-]{section.4.1}{Moving Forward}{chapter.4}% 31
\BOOKMARK [1][-]{section.4.2}{Acknowledgements}{chapter.4}% 32
\BOOKMARK [0][-]{chapter.5}{Appendix}{}% 33
\BOOKMARK [1][-]{section.Alph0.1}{Appendix A - World}{chapter.5}% 34
\BOOKMARK [1][-]{section.Alph0.2}{Appendix B - Perlin}{chapter.5}% 35
\BOOKMARK [1][-]{section.Alph0.3}{Appendix C - Transparency Toggle}{chapter.5}% 36
\BOOKMARK [1][-]{section.Alph0.4}{Appendix D - Clouds}{chapter.5}% 37
\BOOKMARK [1][-]{section.Alph0.5}{Appendix E - Particles}{chapter.5}% 38
\BOOKMARK [1][-]{section.Alph0.6}{Appendix F - Light Emitting}{chapter.5}% 39
\BOOKMARK [1][-]{section.Alph0.7}{Appendix G - Height Shadows}{chapter.5}% 40
\BOOKMARK [1][-]{section.Alph0.8}{Appendix H - Ambient Occlusion}{chapter.5}% 41
