This is pdfTeX, Version 3.14159265-2.6-1.40.17 (MiKTeX 2.9.6100 64-bit) (preloaded format=pdflatex 2017.1.2)  26 JAN 2017 20:09
entering extended mode
**./documentation.tex
(documentation.tex
LaTeX2e <2016/03/31> patch level 3
Babel <3.9r> and hyphenation patterns for 75 language(s) loaded.
("C:\Program Files\MiKTeX 2.9\tex\latex\base\book.cls"
Document Class: book 2014/09/29 v1.4h Standard LaTeX document class
("C:\Program Files\MiKTeX 2.9\tex\latex\base\bk10.clo"
File: bk10.clo 2014/09/29 v1.4h Standard LaTeX file (size option)
)
\c@part=\count79
\c@chapter=\count80
\c@section=\count81
\c@subsection=\count82
\c@subsubsection=\count83
\c@paragraph=\count84
\c@subparagraph=\count85
\c@figure=\count86
\c@table=\count87
\abovecaptionskip=\skip41
\belowcaptionskip=\skip42
\bibindent=\dimen102
)
(C:\Users\Jonathan\AppData\Roaming\MiKTeX\2.9\tex\latex\preprint\fullpage.sty
Package: fullpage 1999/02/23 1.1 (PWD)
\FP@margin=\skip43
)
("C:\Program Files\MiKTeX 2.9\tex\latex\graphics\graphicx.sty"
Package: graphicx 2014/10/28 v1.0g Enhanced LaTeX Graphics (DPC,SPQR)

("C:\Program Files\MiKTeX 2.9\tex\latex\graphics\keyval.sty"
Package: keyval 2014/10/28 v1.15 key=value parser (DPC)
\KV@toks@=\toks14
)
("C:\Program Files\MiKTeX 2.9\tex\latex\graphics\graphics.sty"
Package: graphics 2016/07/10 v1.0t Standard LaTeX Graphics (DPC,SPQR)

("C:\Program Files\MiKTeX 2.9\tex\latex\graphics\trig.sty"
Package: trig 2016/01/03 v1.10 sin cos tan (DPC)
)
("C:\Program Files\MiKTeX 2.9\tex\latex\graphics-cfg\graphics.cfg"
File: graphics.cfg 2016/06/04 v1.11 sample graphics configuration
)
Package graphics Info: Driver file: pdftex.def on input line 99.

("C:\Program Files\MiKTeX 2.9\tex\latex\graphics-def\pdftex.def"
File: pdftex.def 2016/07/10 v0.06j Graphics/color for pdfTeX

("C:\Program Files\MiKTeX 2.9\tex\generic\oberdiek\infwarerr.sty"
Package: infwarerr 2016/05/16 v1.4 Providing info/warning/error messages (HO)
)
("C:\Program Files\MiKTeX 2.9\tex\generic\oberdiek\ltxcmds.sty"
Package: ltxcmds 2016/05/16 v1.23 LaTeX kernel commands for general use (HO)
)
\Gread@gobject=\count88
))
\Gin@req@height=\dimen103
\Gin@req@width=\dimen104
)
("C:\Program Files\MiKTeX 2.9\tex\latex\hyperref\hyperref.sty"
Package: hyperref 2016/06/24 v6.83q Hypertext links for LaTeX

("C:\Program Files\MiKTeX 2.9\tex\generic\oberdiek\hobsub-hyperref.sty"
Package: hobsub-hyperref 2016/05/16 v1.14 Bundle oberdiek, subset hyperref (HO)


("C:\Program Files\MiKTeX 2.9\tex\generic\oberdiek\hobsub-generic.sty"
Package: hobsub-generic 2016/05/16 v1.14 Bundle oberdiek, subset generic (HO)
Package: hobsub 2016/05/16 v1.14 Construct package bundles (HO)
Package hobsub Info: Skipping package `infwarerr' (already loaded).
Package hobsub Info: Skipping package `ltxcmds' (already loaded).
Package: ifluatex 2016/05/16 v1.4 Provides the ifluatex switch (HO)
Package ifluatex Info: LuaTeX not detected.
Package: ifvtex 2016/05/16 v1.6 Detect VTeX and its facilities (HO)
Package ifvtex Info: VTeX not detected.
Package: intcalc 2016/05/16 v1.2 Expandable calculations with integers (HO)
Package: ifpdf 2016/05/14 v3.1 Provides the ifpdf switch
Package: etexcmds 2016/05/16 v1.6 Avoid name clashes with e-TeX commands (HO)
Package etexcmds Info: Could not find \expanded.
(etexcmds)             That can mean that you are not using pdfTeX 1.50 or
(etexcmds)             that some package has redefined \expanded.
(etexcmds)             In the latter case, load this package earlier.
Package: kvsetkeys 2016/05/16 v1.17 Key value parser (HO)
Package: kvdefinekeys 2016/05/16 v1.4 Define keys (HO)
Package: pdftexcmds 2016/05/21 v0.22 Utility functions of pdfTeX for LuaTeX (HO
)
Package pdftexcmds Info: LuaTeX not detected.
Package pdftexcmds Info: \pdf@primitive is available.
Package pdftexcmds Info: \pdf@ifprimitive is available.
Package pdftexcmds Info: \pdfdraftmode found.
Package: pdfescape 2016/05/16 v1.14 Implements pdfTeX's escape features (HO)
Package: bigintcalc 2016/05/16 v1.4 Expandable calculations on big integers (HO
)
Package: bitset 2016/05/16 v1.2 Handle bit-vector datatype (HO)
Package: uniquecounter 2016/05/16 v1.3 Provide unlimited unique counter (HO)
)
Package hobsub Info: Skipping package `hobsub' (already loaded).
Package: letltxmacro 2016/05/16 v1.5 Let assignment for LaTeX macros (HO)
Package: hopatch 2016/05/16 v1.3 Wrapper for package hooks (HO)
Package: xcolor-patch 2016/05/16 xcolor patch
Package: atveryend 2016/05/16 v1.9 Hooks at the very end of document (HO)
Package atveryend Info: \enddocument detected (standard20110627).
Package: atbegshi 2016/06/09 v1.18 At begin shipout hook (HO)
Package: refcount 2016/05/16 v3.5 Data extraction from label references (HO)
Package: hycolor 2016/05/16 v1.8 Color options for hyperref/bookmark (HO)
)
("C:\Program Files\MiKTeX 2.9\tex\generic\ifxetex\ifxetex.sty"
Package: ifxetex 2010/09/12 v0.6 Provides ifxetex conditional
)
("C:\Program Files\MiKTeX 2.9\tex\latex\oberdiek\auxhook.sty"
Package: auxhook 2016/05/16 v1.4 Hooks for auxiliary files (HO)
)
("C:\Program Files\MiKTeX 2.9\tex\latex\oberdiek\kvoptions.sty"
Package: kvoptions 2016/05/16 v3.12 Key value format for package options (HO)
)
\@linkdim=\dimen105
\Hy@linkcounter=\count89
\Hy@pagecounter=\count90

("C:\Program Files\MiKTeX 2.9\tex\latex\hyperref\pd1enc.def"
File: pd1enc.def 2016/06/24 v6.83q Hyperref: PDFDocEncoding definition (HO)
)
\Hy@SavedSpaceFactor=\count91

("C:\Program Files\MiKTeX 2.9\tex\latex\00miktex\hyperref.cfg"
File: hyperref.cfg 2002/06/06 v1.2 hyperref configuration of TeXLive
)
Package hyperref Info: Hyper figures OFF on input line 4486.
Package hyperref Info: Link nesting OFF on input line 4491.
Package hyperref Info: Hyper index ON on input line 4494.
Package hyperref Info: Plain pages OFF on input line 4501.
Package hyperref Info: Backreferencing OFF on input line 4506.
Package hyperref Info: Implicit mode ON; LaTeX internals redefined.
Package hyperref Info: Bookmarks ON on input line 4735.
\c@Hy@tempcnt=\count92

(C:\Users\Jonathan\AppData\Roaming\MiKTeX\2.9\tex\latex\url\url.sty
\Urlmuskip=\muskip10
Package: url 2013/09/16  ver 3.4  Verb mode for urls, etc.
)
LaTeX Info: Redefining \url on input line 5088.
\XeTeXLinkMargin=\dimen106
\Fld@menulength=\count93
\Field@Width=\dimen107
\Fld@charsize=\dimen108
Package hyperref Info: Hyper figures OFF on input line 6342.
Package hyperref Info: Link nesting OFF on input line 6347.
Package hyperref Info: Hyper index ON on input line 6350.
Package hyperref Info: backreferencing OFF on input line 6357.
Package hyperref Info: Link coloring OFF on input line 6362.
Package hyperref Info: Link coloring with OCG OFF on input line 6367.
Package hyperref Info: PDF/A mode OFF on input line 6372.
LaTeX Info: Redefining \ref on input line 6412.
LaTeX Info: Redefining \pageref on input line 6416.
\Hy@abspage=\count94
\c@Item=\count95
\c@Hfootnote=\count96
)

Package hyperref Message: Driver (autodetected): hpdftex.

("C:\Program Files\MiKTeX 2.9\tex\latex\hyperref\hpdftex.def"
File: hpdftex.def 2016/06/24 v6.83q Hyperref driver for pdfTeX
\Fld@listcount=\count97
\c@bookmark@seq@number=\count98

("C:\Program Files\MiKTeX 2.9\tex\latex\oberdiek\rerunfilecheck.sty"
Package: rerunfilecheck 2016/05/16 v1.8 Rerun checks for auxiliary files (HO)
Package uniquecounter Info: New unique counter `rerunfilecheck' on input line 2
82.
)
\Hy@SectionHShift=\skip44
)
(documentation.aux)
\openout1 = `documentation.aux'.

LaTeX Font Info:    Checking defaults for OML/cmm/m/it on input line 9.
LaTeX Font Info:    ... okay on input line 9.
LaTeX Font Info:    Checking defaults for T1/cmr/m/n on input line 9.
LaTeX Font Info:    ... okay on input line 9.
LaTeX Font Info:    Checking defaults for OT1/cmr/m/n on input line 9.
LaTeX Font Info:    ... okay on input line 9.
LaTeX Font Info:    Checking defaults for OMS/cmsy/m/n on input line 9.
LaTeX Font Info:    ... okay on input line 9.
LaTeX Font Info:    Checking defaults for OMX/cmex/m/n on input line 9.
LaTeX Font Info:    ... okay on input line 9.
LaTeX Font Info:    Checking defaults for U/cmr/m/n on input line 9.
LaTeX Font Info:    ... okay on input line 9.
LaTeX Font Info:    Checking defaults for PD1/pdf/m/n on input line 9.
LaTeX Font Info:    ... okay on input line 9.

(C:\Users\Jonathan\AppData\Roaming\MiKTeX\2.9\tex\context\base\supp-pdf.mkii
[Loading MPS to PDF converter (version 2006.09.02).]
\scratchcounter=\count99
\scratchdimen=\dimen109
\scratchbox=\box26
\nofMPsegments=\count100
\nofMParguments=\count101
\everyMPshowfont=\toks15
\MPscratchCnt=\count102
\MPscratchDim=\dimen110
\MPnumerator=\count103
\makeMPintoPDFobject=\count104
\everyMPtoPDFconversion=\toks16
) ("C:\Program Files\MiKTeX 2.9\tex\latex\oberdiek\epstopdf-base.sty"
Package: epstopdf-base 2016/05/15 v2.6 Base part for package epstopdf

("C:\Program Files\MiKTeX 2.9\tex\latex\oberdiek\grfext.sty"
Package: grfext 2016/05/16 v1.2 Manage graphics extensions (HO)
)
Package epstopdf-base Info: Redefining graphics rule for `.eps' on input line 4
38.
Package grfext Info: Graphics extension search list:
(grfext)             [.png,.pdf,.jpg,.mps,.jpeg,.jbig2,.jb2,.PNG,.PDF,.JPG,.JPE
G,.JBIG2,.JB2,.eps]
(grfext)             \AppendGraphicsExtensions on input line 456.
)
\AtBeginShipoutBox=\box27
Package hyperref Info: Link coloring OFF on input line 9.

("C:\Program Files\MiKTeX 2.9\tex\latex\hyperref\nameref.sty"
Package: nameref 2016/05/21 v2.44 Cross-referencing by name of section

("C:\Program Files\MiKTeX 2.9\tex\generic\oberdiek\gettitlestring.sty"
Package: gettitlestring 2016/05/16 v1.5 Cleanup title references (HO)
)
\c@section@level=\count105
)
LaTeX Info: Redefining \ref on input line 9.
LaTeX Info: Redefining \pageref on input line 9.
LaTeX Info: Redefining \nameref on input line 9.

(documentation.out) (documentation.out)
\@outlinefile=\write3
\openout3 = `documentation.out'.

LaTeX Font Info:    External font `cmex10' loaded for size
(Font)              <12> on input line 11.
LaTeX Font Info:    External font `cmex10' loaded for size
(Font)              <8> on input line 11.
LaTeX Font Info:    External font `cmex10' loaded for size
(Font)              <6> on input line 11.
 [1


{C:/Users/Jonathan/AppData/Local/MiKTeX/2.9/pdftex/config/pdftex.map}] [2

] (documentation.toc
LaTeX Font Info:    External font `cmex10' loaded for size
(Font)              <7> on input line 2.
LaTeX Font Info:    External font `cmex10' loaded for size
(Font)              <5> on input line 2.
 [3])
\tf@toc=\write4
\openout4 = `documentation.toc'.

 [4]
Chapter 1.
[5

] [6

]
Chapter 2.
LaTeX Font Info:    Try loading font information for OMS+cmr on input line 44.
("C:\Program Files\MiKTeX 2.9\tex\latex\base\omscmr.fd"
File: omscmr.fd 2014/09/29 v2.5h Standard LaTeX font definitions
)
LaTeX Font Info:    Font shape `OMS/cmr/m/n' in size <10> not available
(Font)              Font shape `OMS/cmsy/m/n' tried instead on input line 44.
 [7] [8]
Chapter 3.
[9

] [10] [11] [12] [13]
Missing character: There is no Ã in font cmr10!
Missing character: There is no ¶ in font cmr10!
 [14]
Chapter 4.
Missing character: There is no Ã in font cmr10!
Missing character: There is no ¶ in font cmr10!

Overfull \hbox (87.79659pt too wide) in paragraph at lines 300--301
[]\OT1/cmr/m/n/10 Florian Bsch - []$\OT1/cmtt/m/n/10 http : / / codeflow . org 
/ entries / 2010 / dec / 09 / minecraft-[]like-[]rendering-[]experiments-[]in-[
]opengl-[]4 /
 []

[15

] [16

] [17] [18

]
Chapter 5.
<"../assets/screenshot01".png, id=303, 758.835pt x 526.96875pt>
File: "../assets/screenshot01".png Graphic file (type png)

<use "../assets/screenshot01".png>
Package pdftex.def Info: "../assets/screenshot01".png used on input line 332.
(pdftex.def)             Requested size: 469.75502pt x 326.22675pt.
 [19 <../assets/screenshot01.png>]
<"../assets/octave perlin 1".png, id=311, 770.12718pt x 422.32782pt>
File: "../assets/octave perlin 1".png Graphic file (type png)

<use "../assets/octave perlin 1".png>
Package pdftex.def Info: "../assets/octave perlin 1".png used on input line 337
.
(pdftex.def)             Requested size: 187.89914pt x 103.03622pt.

<"../assets/octave perlin 2".png, id=312, 767.11594pt x 421.575pt>
File: "../assets/octave perlin 2".png Graphic file (type png)

<use "../assets/octave perlin 2".png>
Package pdftex.def Info: "../assets/octave perlin 2".png used on input line 338
.
(pdftex.def)             Requested size: 187.89914pt x 103.25783pt.

<"../assets/perlin noise aerial".png, id=313, 767.86874pt x 530.73282pt>
File: "../assets/perlin noise aerial".png Graphic file (type png)

<use "../assets/perlin noise aerial".png>
Package pdftex.def Info: "../assets/perlin noise aerial".png used on input line
 339.
(pdftex.def)             Requested size: 187.89914pt x 129.86465pt.

<"../assets/perlin noise world 2".png, id=314, 769.37437pt x 529.98pt>
File: "../assets/perlin noise world 2".png Graphic file (type png)

<use "../assets/perlin noise world 2".png>
Package pdftex.def Info: "../assets/perlin noise world 2".png used on input lin
e 340.
(pdftex.def)             Requested size: 187.89914pt x 129.42975pt.

<"../assets/perlin noise world".png, id=315, 763.35187pt x 530.73282pt>
File: "../assets/perlin noise world".png Graphic file (type png)

<use "../assets/perlin noise world".png>
Package pdftex.def Info: "../assets/perlin noise world".png used on input line 
341.
(pdftex.def)             Requested size: 352.31625pt x 244.94989pt.
 [20

 <../assets/octave perlin 1.png> <../assets/octave perlin 2.png> <../assets/per
lin noise aerial.png> <../assets/perlin noise world 2.png> <../assets/perlin no
ise world.png>]
<"../assets/transparency off".png, id=320, 365.86688pt x 337.26pt>
File: "../assets/transparency off".png Graphic file (type png)

<use "../assets/transparency off".png>
Package pdftex.def Info: "../assets/transparency off".png used on input line 34
6.
(pdftex.def)             Requested size: 234.8775pt x 216.51466pt.

<"../assets/transparency on".png, id=321, 394.47375pt x 349.305pt>
File: "../assets/transparency on".png Graphic file (type png)

<use "../assets/transparency on".png>
Package pdftex.def Info: "../assets/transparency on".png used on input line 347
.
(pdftex.def)             Requested size: 234.8775pt x 207.98029pt.
 [21

 <../assets/transparency off.png> <../assets/transparency on.png>]
<"../assets/clouds".png, id=326, 392.96812pt x 252.945pt>
File: "../assets/clouds".png Graphic file (type png)

<use "../assets/clouds".png>
Package pdftex.def Info: "../assets/clouds".png used on input line 353.
(pdftex.def)             Requested size: 469.75502pt x 302.39003pt.
 [22

 <../assets/clouds.png>]
<"../assets/particle angle".png, id=331, 356.83313pt x 280.79906pt>
File: "../assets/particle angle".png Graphic file (type png)

<use "../assets/particle angle".png>
Package pdftex.def Info: "../assets/particle angle".png used on input line 358.

(pdftex.def)             Requested size: 234.8775pt x 184.83093pt.

<"../assets/particle angle display".png, id=332, 277.78781pt x 259.7203pt>
File: "../assets/particle angle display".png Graphic file (type png)

<use "../assets/particle angle display".png>
Package pdftex.def Info: "../assets/particle angle display".png used on input l
ine 359.
(pdftex.def)             Requested size: 234.8775pt x 219.60213pt.

<"../assets/particles".png, id=333, 123.46124pt x 109.91063pt>
File: "../assets/particles".png Graphic file (type png)

<use "../assets/particles".png>
Package pdftex.def Info: "../assets/particles".png used on input line 361.
(pdftex.def)             Requested size: 140.92793pt x 125.4671pt.
 [23

 <../assets/particle angle.png> <../assets/particle angle display.png> <../asse
ts/particles.png>]
<"../assets/light emitting cube".png, id=338, 630.85687pt x 451.6875pt>
File: "../assets/light emitting cube".png Graphic file (type png)

<use "../assets/light emitting cube".png>
Package pdftex.def Info: "../assets/light emitting cube".png used on input line
 366.
(pdftex.def)             Requested size: 469.75502pt x 336.34563pt.
 [24

 <../assets/light emitting cube.png>] <"../assets/height based shadows".png, id
=343, 233.37187pt x 335.00156pt>
File: "../assets/height based shadows".png Graphic file (type png)

<use "../assets/height based shadows".png>
Package pdftex.def Info: "../assets/height based shadows".png used on input lin
e 372.
(pdftex.def)             Requested size: 352.31625pt x 505.80325pt.
 [25

 <../assets/height based shadows.png>] <"../assets/ambient occlusion".png, id=3
49, 597.73312pt x 417.81094pt>
File: "../assets/ambient occlusion".png Graphic file (type png)

<use "../assets/ambient occlusion".png>
Package pdftex.def Info: "../assets/ambient occlusion".png used on input line 3
77.
(pdftex.def)             Requested size: 352.31625pt x 246.27043pt.

<"../assets/ambient occlusion 2".png, id=350, 756.57657pt x 394.47375pt>
File: "../assets/ambient occlusion 2".png Graphic file (type png)

<use "../assets/ambient occlusion 2".png>
Package pdftex.def Info: "../assets/ambient occlusion 2".png used on input line
 378.
(pdftex.def)             Requested size: 352.31625pt x 183.69324pt.
Package atveryend Info: Empty hook `BeforeClearDocument' on input line 379.
 [26

 <../assets/ambient occlusion.png> <../assets/ambient occlusion 2.png>]
Package atveryend Info: Empty hook `AfterLastShipout' on input line 379.
 (documentation.aux)
Package atveryend Info: Executing hook `AtVeryEndDocument' on input line 379.
Package atveryend Info: Executing hook `AtEndAfterFileList' on input line 379.
Package rerunfilecheck Info: File `documentation.out' has not changed.
(rerunfilecheck)             Checksum: 78BD39D11C474A1B2D70BAFABEE57F65;2690.
Package atveryend Info: Empty hook `AtVeryVeryEnd' on input line 379.
 ) 
Here is how much of TeX's memory you used:
 5344 strings out of 493333
 80581 string characters out of 3139186
 166164 words of memory out of 3000000
 8756 multiletter control sequences out of 15000+200000
 9621 words of font info for 34 fonts, out of 3000000 for 9000
 1141 hyphenation exceptions out of 8191
 29i,6n,28p,1002b,348s stack positions out of 5000i,500n,10000p,200000b,50000s
<C:/Program Files/MiKTeX 2.9/fonts/type1/public/amsfonts/cm/cmbx10.pfb><C:/Pr
ogram Files/MiKTeX 2.9/fonts/type1/public/amsfonts/cm/cmbx12.pfb><C:/Program Fi
les/MiKTeX 2.9/fonts/type1/public/amsfonts/cm/cmmi10.pfb><C:/Program Files/MiKT
eX 2.9/fonts/type1/public/amsfonts/cm/cmr10.pfb><C:/Program Files/MiKTeX 2.9/fo
nts/type1/public/amsfonts/cm/cmr12.pfb><C:/Program Files/MiKTeX 2.9/fonts/type1
/public/amsfonts/cm/cmr17.pfb><C:/Program Files/MiKTeX 2.9/fonts/type1/public/a
msfonts/cm/cmr7.pfb><C:/Program Files/MiKTeX 2.9/fonts/type1/public/amsfonts/cm
/cmsy10.pfb><C:/Program Files/MiKTeX 2.9/fonts/type1/public/amsfonts/cm/cmti10.
pfb><C:/Program Files/MiKTeX 2.9/fonts/type1/public/amsfonts/cm/cmtt10.pfb>
Output written on documentation.pdf (26 pages, 5266024 bytes).
PDF statistics:
 406 PDF objects out of 1000 (max. 8388607)
 76 named destinations out of 1000 (max. 500000)
 409 words of extra memory for PDF output out of 10000 (max. 10000000)

